<?xml version="1.0" encoding="UTF-8"?>
<!-- Generated by org.testng.reporters.JUnitXMLReporter -->
<testsuite hostname="SUBHASHA-PC" ignored="8" name="Test" tests="21" failures="4" timestamp="31 Dec 2019 08:05:33 GMT" time="14.179" errors="0">
  <testcase name="verifyRegisterMemberlink" time="1.256" classname="com.jbk.qa.testcases.RegisterMemberPageTest"/>
  <testcase name="verifyUrl" time="0.01" classname="com.jbk.qa.testcases.LoginPageTest">
    <failure type="java.lang.AssertionError" message="expected [file:///E:/Offline%20Website/index.html] but found [file:///E:/Offline%20Website/pages/examples/register.html]">
      <![CDATA[java.lang.AssertionError: expected [file:///E:/Offline%20Website/index.html] but found [file:///E:/Offline%20Website/pages/examples/register.html]
	at com.jbk.qa.testcases.LoginPageTest.verifyUrl(LoginPageTest.java:26)
... Removed 31 stack frames]]>
    </failure>
  </testcase> <!-- verifyUrl -->
  <testcase name="verifyHeading" time="0.012" classname="com.jbk.qa.testcases.RegisterMemberPageTest"/>
  <testcase name="verifyApplicationTitle" time="0.01" classname="com.jbk.qa.testcases.LoginPageTest">
    <failure type="java.lang.AssertionError" message="expected [JavaByKiran | Log in] but found [JavaByKiran | Registration Page]">
      <![CDATA[java.lang.AssertionError: expected [JavaByKiran | Log in] but found [JavaByKiran | Registration Page]
	at com.jbk.qa.testcases.LoginPageTest.verifyApplicationTitle(LoginPageTest.java:42)
... Removed 31 stack frames]]>
    </failure>
  </testcase> <!-- verifyApplicationTitle -->
  <testcase name="verifyPlaceholderName" time="0.031" classname="com.jbk.qa.testcases.RegisterMemberPageTest"/>
  <testcase name="verifyTitle" time="0.045" classname="com.jbk.qa.testcases.LoginPageTest"/>
  <testcase name="verifyPlaceholderMobile" time="0.053" classname="com.jbk.qa.testcases.RegisterMemberPageTest"/>
  <testcase name="verifyloginsesion" time="0.017" classname="com.jbk.qa.testcases.LoginPageTest">
    <failure type="java.lang.AssertionError" message="expected [Sign in to start your session] but found [Register a new membership]">
      <![CDATA[java.lang.AssertionError: expected [Sign in to start your session] but found [Register a new membership]
	at com.jbk.qa.testcases.LoginPageTest.verifyloginsesion(LoginPageTest.java:66)
... Removed 31 stack frames]]>
    </failure>
  </testcase> <!-- verifyloginsesion -->
  <testcase name="verifyPlaceholderEmail" time="0.026" classname="com.jbk.qa.testcases.RegisterMemberPageTest"/>
  <testcase name="verifyPlaceHolderUsername" time="0.024" classname="com.jbk.qa.testcases.LoginPageTest"/>
  <testcase name="verifyPlaceholderPassword" time="0.021" classname="com.jbk.qa.testcases.RegisterMemberPageTest"/>
  <testcase name="verifyPlaceHolderPassword" time="0.021" classname="com.jbk.qa.testcases.LoginPageTest"/>
  <testcase name="verifyRegistermemberBlankinfo" time="0.482" classname="com.jbk.qa.testcases.RegisterMemberPageTest"/>
  <testcase name="verifyButtoncolor" time="0.168" classname="com.jbk.qa.testcases.LoginPageTest"/>
  <testcase name="verifyErrorMessageRegistermember" time="0.331" classname="com.jbk.qa.testcases.RegisterMemberPageTest"/>
  <testcase name="verifyLinks" time="0.068" classname="com.jbk.qa.testcases.LoginPageTest"/>
  <testcase name="verifyRegisterMemberValidinfo" time="0.382" classname="com.jbk.qa.testcases.RegisterMemberPageTest"/>
  <testcase name="Login" time="0.311" classname="com.jbk.qa.testcases.LoginPageTest"/>
  <testcase name="Login" time="0.383" classname="com.jbk.qa.testcases.LoginPageTest"/>
  <testcase name="Login" time="0.307" classname="com.jbk.qa.testcases.LoginPageTest"/>
  <testcase name="verifyAlreadyMembershipLink" time="10.065" classname="com.jbk.qa.testcases.RegisterMemberPageTest">
    <failure type="org.openqa.selenium.NoSuchElementException" message="Unable to locate element: /html/body/div/div[1]/a/h4
For documentation on this error, please visit: http://seleniumhq.org/exceptions/no_such_element.html
Build info: version: &amp;apos;3.9.1&amp;apos;, revision: &amp;apos;63f7b50&amp;apos;, time: &amp;apos;2018-02-07T22:25:02.294Z&amp;apos;
System info: host: &amp;apos;SUBHASHA-PC&amp;apos;, ip: &amp;apos;127.0.0.1&amp;apos;, os.name: &amp;apos;Windows 10&amp;apos;, os.arch: &amp;apos;amd64&amp;apos;, os.version: &amp;apos;10.0&amp;apos;, java.version: &amp;apos;1.8.0_212&amp;apos;
Driver info: org.openqa.selenium.firefox.FirefoxDriver
Capabilities {acceptInsecureCerts: true, browserName: firefox, browserVersion: 71.0, javascriptEnabled: true, moz:accessibilityChecks: false, moz:buildID: 20191202093317, moz:geckodriverVersion: 0.26.0, moz:headless: false, moz:processID: 10736, moz:profile: C:\Users\Subhash\AppData\Lo..., moz:shutdownTimeout: 60000, moz:useNonSpecCompliantPointerOrigin: false, moz:webdriverClick: true, pageLoadStrategy: normal, platform: WINDOWS, platformName: WINDOWS, platformVersion: 10.0, rotatable: false, setWindowRect: true, strictFileInteractability: false, timeouts: {implicit: 0, pageLoad: 300000, script: 30000}, unhandledPromptBehavior: dismiss and notify}
Session ID: 21a06dc7-a256-4759-b807-f0d2b21654a0
*** Element info: {Using=xpath, value=/html/body/div/div[1]/a/h4}">
      <![CDATA[org.openqa.selenium.NoSuchElementException: Unable to locate element: /html/body/div/div[1]/a/h4
For documentation on this error, please visit: http://seleniumhq.org/exceptions/no_such_element.html
Build info: version: '3.9.1', revision: '63f7b50', time: '2018-02-07T22:25:02.294Z'
System info: host: 'SUBHASHA-PC', ip: '127.0.0.1', os.name: 'Windows 10', os.arch: 'amd64', os.version: '10.0', java.version: '1.8.0_212'
Driver info: org.openqa.selenium.firefox.FirefoxDriver
Capabilities {acceptInsecureCerts: true, browserName: firefox, browserVersion: 71.0, javascriptEnabled: true, moz:accessibilityChecks: false, moz:buildID: 20191202093317, moz:geckodriverVersion: 0.26.0, moz:headless: false, moz:processID: 10736, moz:profile: C:\Users\Subhash\AppData\Lo..., moz:shutdownTimeout: 60000, moz:useNonSpecCompliantPointerOrigin: false, moz:webdriverClick: true, pageLoadStrategy: normal, platform: WINDOWS, platformName: WINDOWS, platformVersion: 10.0, rotatable: false, setWindowRect: true, strictFileInteractability: false, timeouts: {implicit: 0, pageLoad: 300000, script: 30000}, unhandledPromptBehavior: dismiss and notify}
Session ID: 21a06dc7-a256-4759-b807-f0d2b21654a0
*** Element info: {Using=xpath, value=/html/body/div/div[1]/a/h4}
	at org.openqa.selenium.remote.http.W3CHttpResponseCodec.createException(W3CHttpResponseCodec.java:187)
	at org.openqa.selenium.remote.http.W3CHttpResponseCodec.decode(W3CHttpResponseCodec.java:122)
	at org.openqa.selenium.remote.http.W3CHttpResponseCodec.decode(W3CHttpResponseCodec.java:49)
	at org.openqa.selenium.remote.HttpCommandExecutor.execute(HttpCommandExecutor.java:160)
	at org.openqa.selenium.remote.service.DriverCommandExecutor.execute(DriverCommandExecutor.java:83)
	at org.openqa.selenium.remote.RemoteWebDriver.execute(RemoteWebDriver.java:601)
	at org.openqa.selenium.remote.RemoteWebDriver.findElement(RemoteWebDriver.java:371)
	at org.openqa.selenium.remote.RemoteWebDriver.findElementByXPath(RemoteWebDriver.java:473)
	at org.openqa.selenium.By$ByXPath.findElement(By.java:361)
	at org.openqa.selenium.remote.RemoteWebDriver.findElement(RemoteWebDriver.java:363)
	at com.jbk.qa.testcases.RegisterMemberPageTest.verifyAlreadyMembershipLink(RegisterMemberPageTest.java:138)
... Removed 29 stack frames]]>
    </failure>
  </testcase> <!-- verifyAlreadyMembershipLink -->
  <testcase name="@AfterSuite tearDown" time="0.0" classname="com.jbk.qa.base.TestBase">
    <ignored/>
  </testcase> <!-- @AfterSuite tearDown -->
  <testcase name="@AfterSuite tearDown" time="0.0" classname="com.jbk.qa.base.TestBase">
    <ignored/>
  </testcase> <!-- @AfterSuite tearDown -->
  <testcase name="@BeforeSuite setup_Browser" time="0.0" classname="com.jbk.qa.base.TestBase">
    <ignored/>
  </testcase> <!-- @BeforeSuite setup_Browser -->
  <testcase name="@BeforeSuite setup_Browser" time="0.0" classname="com.jbk.qa.base.TestBase">
    <ignored/>
  </testcase> <!-- @BeforeSuite setup_Browser -->
  <testcase name="@BeforeSuite setUp" time="0.0" classname="com.jbk.qa.base.TestBase">
    <ignored/>
  </testcase> <!-- @BeforeSuite setUp -->
  <testcase name="@BeforeSuite setUp" time="0.0" classname="com.jbk.qa.base.TestBase">
    <ignored/>
  </testcase> <!-- @BeforeSuite setUp -->
  <testcase name="@AfterSuite CloseApplication" time="0.0" classname="com.jbk.qa.base.TestBase">
    <ignored/>
  </testcase> <!-- @AfterSuite CloseApplication -->
  <testcase name="@AfterSuite CloseApplication" time="0.0" classname="com.jbk.qa.base.TestBase">
    <ignored/>
  </testcase> <!-- @AfterSuite CloseApplication -->
</testsuite> <!-- Test -->
