<html>
<head>
<title>TestNG:  Test</title>
<link href="../testng.css" rel="stylesheet" type="text/css" />
<link href="../my-testng.css" rel="stylesheet" type="text/css" />

<style type="text/css">
.log { display: none;} 
.stack-trace { display: none;} 
</style>
<script type="text/javascript">
<!--
function flip(e) {
  current = e.style.display;
  if (current == 'block') {
    e.style.display = 'none';
    return 0;
  }
  else {
    e.style.display = 'block';
    return 1;
  }
}

function toggleBox(szDivId, elem, msg1, msg2)
{
  var res = -1;  if (document.getElementById) {
    res = flip(document.getElementById(szDivId));
  }
  else if (document.all) {
    // this is the way old msie versions work
    res = flip(document.all[szDivId]);
  }
  if(elem) {
    if(res == 0) elem.innerHTML = msg1; else elem.innerHTML = msg2;
  }

}

function toggleAllBoxes() {
  if (document.getElementsByTagName) {
    d = document.getElementsByTagName('div');
    for (i = 0; i < d.length; i++) {
      if (d[i].className == 'log') {
        flip(d[i]);
      }
    }
  }
}

// -->
</script>

</head>
<body>
<h2 align='center'>Test</h2><table border='1' align="center">
<tr>
<td>Tests passed/Failed/Skipped:</td><td>17/4/0</td>
</tr><tr>
<td>Started on:</td><td>Tue Dec 31 13:35:19 IST 2019</td>
</tr>
<tr><td>Total time:</td><td>14 seconds (14179 ms)</td>
</tr><tr>
<td>Included groups:</td><td></td>
</tr><tr>
<td>Excluded groups:</td><td></td>
</tr>
</table><p/>
<small><i>(Hover the method name to see the test class name)</i></small><p/>
<table width='100%' border='1' class='invocation-failed'>
<tr><td colspan='4' align='center'><b>FAILED TESTS</b></td></tr>
<tr><td><b>Test method</b></td>
<td width="30%"><b>Exception</b></td>
<td width="10%"><b>Time (seconds)</b></td>
<td><b>Instance</b></td>
</tr>
<tr>
<td title='com.jbk.qa.testcases.RegisterMemberPageTest.verifyAlreadyMembershipLink()'><b>verifyAlreadyMembershipLink</b><br>Test class: com.jbk.qa.testcases.RegisterMemberPageTest</td>
<td><div><pre>org.openqa.selenium.NoSuchElementException: Unable to locate element: /html/body/div/div[1]/a/h4
For documentation on this error, please visit: http://seleniumhq.org/exceptions/no_such_element.html
Build info: version: &apos;3.9.1&apos;, revision: &apos;63f7b50&apos;, time: &apos;2018-02-07T22:25:02.294Z&apos;
System info: host: &apos;SUBHASHA-PC&apos;, ip: &apos;127.0.0.1&apos;, os.name: &apos;Windows 10&apos;, os.arch: &apos;amd64&apos;, os.version: &apos;10.0&apos;, java.version: &apos;1.8.0_212&apos;
Driver info: org.openqa.selenium.firefox.FirefoxDriver
Capabilities {acceptInsecureCerts: true, browserName: firefox, browserVersion: 71.0, javascriptEnabled: true, moz:accessibilityChecks: false, moz:buildID: 20191202093317, moz:geckodriverVersion: 0.26.0, moz:headless: false, moz:processID: 10736, moz:profile: C:\Users\Subhash\AppData\Lo..., moz:shutdownTimeout: 60000, moz:useNonSpecCompliantPointerOrigin: false, moz:webdriverClick: true, pageLoadStrategy: normal, platform: WINDOWS, platformName: WINDOWS, platformVersion: 10.0, rotatable: false, setWindowRect: true, strictFileInteractability: false, timeouts: {implicit: 0, pageLoad: 300000, script: 30000}, unhandledPromptBehavior: dismiss and notify}
Session ID: 21a06dc7-a256-4759-b807-f0d2b21654a0
*** Element info: {Using=xpath, value=/html/body/div/div[1]/a/h4}
	at org.openqa.selenium.remote.http.W3CHttpResponseCodec.createException(W3CHttpResponseCodec.java:187)
	at org.openqa.selenium.remote.http.W3CHttpResponseCodec.decode(W3CHttpResponseCodec.java:122)
	at org.openqa.selenium.remote.http.W3CHttpResponseCodec.decode(W3CHttpResponseCodec.java:49)
	at org.openqa.selenium.remote.HttpCommandExecutor.execute(HttpCommandExecutor.java:160)
	at org.openqa.selenium.remote.service.DriverCommandExecutor.execute(DriverCommandExecutor.java:83)
	at org.openqa.selenium.remote.RemoteWebDriver.execute(RemoteWebDriver.java:601)
	at org.openqa.selenium.remote.RemoteWebDriver.findElement(RemoteWebDriver.java:371)
	at org.openqa.selenium.remote.RemoteWebDriver.findElementByXPath(RemoteWebDriver.java:473)
	at org.openqa.selenium.By$ByXPath.findElement(By.java:361)
	at org.openqa.selenium.remote.RemoteWebDriver.findElement(RemoteWebDriver.java:363)
	at com.jbk.qa.testcases.RegisterMemberPageTest.verifyAlreadyMembershipLink(RegisterMemberPageTest.java:138)
... Removed 29 stack frames</pre></div><a href='#' onClick='toggleBox("stack-trace1148255190", this, "Click to show all stack frames", "Click to hide stack frames")'>Click to show all stack frames</a>
<div class='stack-trace' id='stack-trace1148255190'><pre>org.openqa.selenium.NoSuchElementException: Unable to locate element: /html/body/div/div[1]/a/h4
For documentation on this error, please visit: http://seleniumhq.org/exceptions/no_such_element.html
Build info: version: &apos;3.9.1&apos;, revision: &apos;63f7b50&apos;, time: &apos;2018-02-07T22:25:02.294Z&apos;
System info: host: &apos;SUBHASHA-PC&apos;, ip: &apos;127.0.0.1&apos;, os.name: &apos;Windows 10&apos;, os.arch: &apos;amd64&apos;, os.version: &apos;10.0&apos;, java.version: &apos;1.8.0_212&apos;
Driver info: org.openqa.selenium.firefox.FirefoxDriver
Capabilities {acceptInsecureCerts: true, browserName: firefox, browserVersion: 71.0, javascriptEnabled: true, moz:accessibilityChecks: false, moz:buildID: 20191202093317, moz:geckodriverVersion: 0.26.0, moz:headless: false, moz:processID: 10736, moz:profile: C:\Users\Subhash\AppData\Lo..., moz:shutdownTimeout: 60000, moz:useNonSpecCompliantPointerOrigin: false, moz:webdriverClick: true, pageLoadStrategy: normal, platform: WINDOWS, platformName: WINDOWS, platformVersion: 10.0, rotatable: false, setWindowRect: true, strictFileInteractability: false, timeouts: {implicit: 0, pageLoad: 300000, script: 30000}, unhandledPromptBehavior: dismiss and notify}
Session ID: 21a06dc7-a256-4759-b807-f0d2b21654a0
*** Element info: {Using=xpath, value=/html/body/div/div[1]/a/h4}
	at sun.reflect.NativeConstructorAccessorImpl.newInstance0(Native Method)
	at sun.reflect.NativeConstructorAccessorImpl.newInstance(Unknown Source)
	at sun.reflect.DelegatingConstructorAccessorImpl.newInstance(Unknown Source)
	at java.lang.reflect.Constructor.newInstance(Unknown Source)
	at org.openqa.selenium.remote.http.W3CHttpResponseCodec.createException(W3CHttpResponseCodec.java:187)
	at org.openqa.selenium.remote.http.W3CHttpResponseCodec.decode(W3CHttpResponseCodec.java:122)
	at org.openqa.selenium.remote.http.W3CHttpResponseCodec.decode(W3CHttpResponseCodec.java:49)
	at org.openqa.selenium.remote.HttpCommandExecutor.execute(HttpCommandExecutor.java:160)
	at org.openqa.selenium.remote.service.DriverCommandExecutor.execute(DriverCommandExecutor.java:83)
	at org.openqa.selenium.remote.RemoteWebDriver.execute(RemoteWebDriver.java:601)
	at org.openqa.selenium.remote.RemoteWebDriver.findElement(RemoteWebDriver.java:371)
	at org.openqa.selenium.remote.RemoteWebDriver.findElementByXPath(RemoteWebDriver.java:473)
	at org.openqa.selenium.By$ByXPath.findElement(By.java:361)
	at org.openqa.selenium.remote.RemoteWebDriver.findElement(RemoteWebDriver.java:363)
	at com.jbk.qa.testcases.RegisterMemberPageTest.verifyAlreadyMembershipLink(RegisterMemberPageTest.java:138)
	at sun.reflect.NativeMethodAccessorImpl.invoke0(Native Method)
	at sun.reflect.NativeMethodAccessorImpl.invoke(Unknown Source)
	at sun.reflect.DelegatingMethodAccessorImpl.invoke(Unknown Source)
	at java.lang.reflect.Method.invoke(Unknown Source)
	at org.testng.internal.MethodInvocationHelper.invokeMethod(MethodInvocationHelper.java:104)
	at org.testng.internal.Invoker.invokeMethod(Invoker.java:645)
	at org.testng.internal.Invoker.invokeTestMethod(Invoker.java:851)
	at org.testng.internal.Invoker.invokeTestMethods(Invoker.java:1177)
	at org.testng.internal.TestMethodWorker.invokeTestMethods(TestMethodWorker.java:129)
	at org.testng.internal.TestMethodWorker.run(TestMethodWorker.java:112)
	at org.testng.TestRunner.privateRun(TestRunner.java:756)
	at org.testng.TestRunner.run(TestRunner.java:610)
	at org.testng.SuiteRunner.runTest(SuiteRunner.java:387)
	at org.testng.SuiteRunner.runSequentially(SuiteRunner.java:382)
	at org.testng.SuiteRunner.privateRun(SuiteRunner.java:340)
	at org.testng.SuiteRunner.run(SuiteRunner.java:289)
	at org.testng.SuiteRunnerWorker.runSuite(SuiteRunnerWorker.java:52)
	at org.testng.SuiteRunnerWorker.run(SuiteRunnerWorker.java:86)
	at org.testng.TestNG.runSuitesSequentially(TestNG.java:1293)
	at org.testng.TestNG.runSuitesLocally(TestNG.java:1218)
	at org.testng.TestNG.runSuites(TestNG.java:1133)
	at org.testng.TestNG.run(TestNG.java:1104)
	at org.testng.remote.AbstractRemoteTestNG.run(AbstractRemoteTestNG.java:132)
	at org.testng.remote.RemoteTestNG.initAndRun(RemoteTestNG.java:236)
	at org.testng.remote.RemoteTestNG.main(RemoteTestNG.java:81)
</pre></div></td>
<td>10</td>
<td>com.jbk.qa.testcases.RegisterMemberPageTest@3ffc5af1</td></tr>
<tr>
<td title='com.jbk.qa.testcases.LoginPageTest.verifyApplicationTitle()'><b>verifyApplicationTitle</b><br>Test class: com.jbk.qa.testcases.LoginPageTest</td>
<td><div><pre>java.lang.AssertionError: expected [JavaByKiran | Log in] but found [JavaByKiran | Registration Page]
	at com.jbk.qa.testcases.LoginPageTest.verifyApplicationTitle(LoginPageTest.java:42)
... Removed 31 stack frames</pre></div><a href='#' onClick='toggleBox("stack-trace1328718765", this, "Click to show all stack frames", "Click to hide stack frames")'>Click to show all stack frames</a>
<div class='stack-trace' id='stack-trace1328718765'><pre>java.lang.AssertionError: expected [JavaByKiran | Log in] but found [JavaByKiran | Registration Page]
	at org.testng.Assert.fail(Assert.java:94)
	at org.testng.Assert.failNotEquals(Assert.java:513)
	at org.testng.Assert.assertEqualsImpl(Assert.java:135)
	at org.testng.Assert.assertEquals(Assert.java:116)
	at org.testng.Assert.assertEquals(Assert.java:190)
	at org.testng.Assert.assertEquals(Assert.java:200)
	at com.jbk.qa.testcases.LoginPageTest.verifyApplicationTitle(LoginPageTest.java:42)
	at sun.reflect.NativeMethodAccessorImpl.invoke0(Native Method)
	at sun.reflect.NativeMethodAccessorImpl.invoke(Unknown Source)
	at sun.reflect.DelegatingMethodAccessorImpl.invoke(Unknown Source)
	at java.lang.reflect.Method.invoke(Unknown Source)
	at org.testng.internal.MethodInvocationHelper.invokeMethod(MethodInvocationHelper.java:104)
	at org.testng.internal.Invoker.invokeMethod(Invoker.java:645)
	at org.testng.internal.Invoker.invokeTestMethod(Invoker.java:851)
	at org.testng.internal.Invoker.invokeTestMethods(Invoker.java:1177)
	at org.testng.internal.TestMethodWorker.invokeTestMethods(TestMethodWorker.java:129)
	at org.testng.internal.TestMethodWorker.run(TestMethodWorker.java:112)
	at org.testng.TestRunner.privateRun(TestRunner.java:756)
	at org.testng.TestRunner.run(TestRunner.java:610)
	at org.testng.SuiteRunner.runTest(SuiteRunner.java:387)
	at org.testng.SuiteRunner.runSequentially(SuiteRunner.java:382)
	at org.testng.SuiteRunner.privateRun(SuiteRunner.java:340)
	at org.testng.SuiteRunner.run(SuiteRunner.java:289)
	at org.testng.SuiteRunnerWorker.runSuite(SuiteRunnerWorker.java:52)
	at org.testng.SuiteRunnerWorker.run(SuiteRunnerWorker.java:86)
	at org.testng.TestNG.runSuitesSequentially(TestNG.java:1293)
	at org.testng.TestNG.runSuitesLocally(TestNG.java:1218)
	at org.testng.TestNG.runSuites(TestNG.java:1133)
	at org.testng.TestNG.run(TestNG.java:1104)
	at org.testng.remote.AbstractRemoteTestNG.run(AbstractRemoteTestNG.java:132)
	at org.testng.remote.RemoteTestNG.initAndRun(RemoteTestNG.java:236)
	at org.testng.remote.RemoteTestNG.main(RemoteTestNG.java:81)
</pre></div></td>
<td>0</td>
<td>com.jbk.qa.testcases.LoginPageTest@5e5792a0</td></tr>
<tr>
<td title='com.jbk.qa.testcases.LoginPageTest.verifyUrl()'><b>verifyUrl</b><br>Test class: com.jbk.qa.testcases.LoginPageTest</td>
<td><div><pre>java.lang.AssertionError: expected [file:///E:/Offline%20Website/index.html] but found [file:///E:/Offline%20Website/pages/examples/register.html]
	at com.jbk.qa.testcases.LoginPageTest.verifyUrl(LoginPageTest.java:26)
... Removed 31 stack frames</pre></div><a href='#' onClick='toggleBox("stack-trace685558284", this, "Click to show all stack frames", "Click to hide stack frames")'>Click to show all stack frames</a>
<div class='stack-trace' id='stack-trace685558284'><pre>java.lang.AssertionError: expected [file:///E:/Offline%20Website/index.html] but found [file:///E:/Offline%20Website/pages/examples/register.html]
	at org.testng.Assert.fail(Assert.java:94)
	at org.testng.Assert.failNotEquals(Assert.java:513)
	at org.testng.Assert.assertEqualsImpl(Assert.java:135)
	at org.testng.Assert.assertEquals(Assert.java:116)
	at org.testng.Assert.assertEquals(Assert.java:190)
	at org.testng.Assert.assertEquals(Assert.java:200)
	at com.jbk.qa.testcases.LoginPageTest.verifyUrl(LoginPageTest.java:26)
	at sun.reflect.NativeMethodAccessorImpl.invoke0(Native Method)
	at sun.reflect.NativeMethodAccessorImpl.invoke(Unknown Source)
	at sun.reflect.DelegatingMethodAccessorImpl.invoke(Unknown Source)
	at java.lang.reflect.Method.invoke(Unknown Source)
	at org.testng.internal.MethodInvocationHelper.invokeMethod(MethodInvocationHelper.java:104)
	at org.testng.internal.Invoker.invokeMethod(Invoker.java:645)
	at org.testng.internal.Invoker.invokeTestMethod(Invoker.java:851)
	at org.testng.internal.Invoker.invokeTestMethods(Invoker.java:1177)
	at org.testng.internal.TestMethodWorker.invokeTestMethods(TestMethodWorker.java:129)
	at org.testng.internal.TestMethodWorker.run(TestMethodWorker.java:112)
	at org.testng.TestRunner.privateRun(TestRunner.java:756)
	at org.testng.TestRunner.run(TestRunner.java:610)
	at org.testng.SuiteRunner.runTest(SuiteRunner.java:387)
	at org.testng.SuiteRunner.runSequentially(SuiteRunner.java:382)
	at org.testng.SuiteRunner.privateRun(SuiteRunner.java:340)
	at org.testng.SuiteRunner.run(SuiteRunner.java:289)
	at org.testng.SuiteRunnerWorker.runSuite(SuiteRunnerWorker.java:52)
	at org.testng.SuiteRunnerWorker.run(SuiteRunnerWorker.java:86)
	at org.testng.TestNG.runSuitesSequentially(TestNG.java:1293)
	at org.testng.TestNG.runSuitesLocally(TestNG.java:1218)
	at org.testng.TestNG.runSuites(TestNG.java:1133)
	at org.testng.TestNG.run(TestNG.java:1104)
	at org.testng.remote.AbstractRemoteTestNG.run(AbstractRemoteTestNG.java:132)
	at org.testng.remote.RemoteTestNG.initAndRun(RemoteTestNG.java:236)
	at org.testng.remote.RemoteTestNG.main(RemoteTestNG.java:81)
</pre></div></td>
<td>0</td>
<td>com.jbk.qa.testcases.LoginPageTest@5e5792a0</td></tr>
<tr>
<td title='com.jbk.qa.testcases.LoginPageTest.verifyloginsesion()'><b>verifyloginsesion</b><br>Test class: com.jbk.qa.testcases.LoginPageTest</td>
<td><div><pre>java.lang.AssertionError: expected [Sign in to start your session] but found [Register a new membership]
	at com.jbk.qa.testcases.LoginPageTest.verifyloginsesion(LoginPageTest.java:66)
... Removed 31 stack frames</pre></div><a href='#' onClick='toggleBox("stack-trace1208825205", this, "Click to show all stack frames", "Click to hide stack frames")'>Click to show all stack frames</a>
<div class='stack-trace' id='stack-trace1208825205'><pre>java.lang.AssertionError: expected [Sign in to start your session] but found [Register a new membership]
	at org.testng.Assert.fail(Assert.java:94)
	at org.testng.Assert.failNotEquals(Assert.java:513)
	at org.testng.Assert.assertEqualsImpl(Assert.java:135)
	at org.testng.Assert.assertEquals(Assert.java:116)
	at org.testng.Assert.assertEquals(Assert.java:190)
	at org.testng.Assert.assertEquals(Assert.java:200)
	at com.jbk.qa.testcases.LoginPageTest.verifyloginsesion(LoginPageTest.java:66)
	at sun.reflect.NativeMethodAccessorImpl.invoke0(Native Method)
	at sun.reflect.NativeMethodAccessorImpl.invoke(Unknown Source)
	at sun.reflect.DelegatingMethodAccessorImpl.invoke(Unknown Source)
	at java.lang.reflect.Method.invoke(Unknown Source)
	at org.testng.internal.MethodInvocationHelper.invokeMethod(MethodInvocationHelper.java:104)
	at org.testng.internal.Invoker.invokeMethod(Invoker.java:645)
	at org.testng.internal.Invoker.invokeTestMethod(Invoker.java:851)
	at org.testng.internal.Invoker.invokeTestMethods(Invoker.java:1177)
	at org.testng.internal.TestMethodWorker.invokeTestMethods(TestMethodWorker.java:129)
	at org.testng.internal.TestMethodWorker.run(TestMethodWorker.java:112)
	at org.testng.TestRunner.privateRun(TestRunner.java:756)
	at org.testng.TestRunner.run(TestRunner.java:610)
	at org.testng.SuiteRunner.runTest(SuiteRunner.java:387)
	at org.testng.SuiteRunner.runSequentially(SuiteRunner.java:382)
	at org.testng.SuiteRunner.privateRun(SuiteRunner.java:340)
	at org.testng.SuiteRunner.run(SuiteRunner.java:289)
	at org.testng.SuiteRunnerWorker.runSuite(SuiteRunnerWorker.java:52)
	at org.testng.SuiteRunnerWorker.run(SuiteRunnerWorker.java:86)
	at org.testng.TestNG.runSuitesSequentially(TestNG.java:1293)
	at org.testng.TestNG.runSuitesLocally(TestNG.java:1218)
	at org.testng.TestNG.runSuites(TestNG.java:1133)
	at org.testng.TestNG.run(TestNG.java:1104)
	at org.testng.remote.AbstractRemoteTestNG.run(AbstractRemoteTestNG.java:132)
	at org.testng.remote.RemoteTestNG.initAndRun(RemoteTestNG.java:236)
	at org.testng.remote.RemoteTestNG.main(RemoteTestNG.java:81)
</pre></div></td>
<td>0</td>
<td>com.jbk.qa.testcases.LoginPageTest@5e5792a0</td></tr>
</table><p>
<table width='100%' border='1' class='invocation-passed'>
<tr><td colspan='4' align='center'><b>PASSED TESTS</b></td></tr>
<tr><td><b>Test method</b></td>
<td width="30%"><b>Exception</b></td>
<td width="10%"><b>Time (seconds)</b></td>
<td><b>Instance</b></td>
</tr>
<tr>
<td title='com.jbk.qa.testcases.LoginPageTest.Login()'><b>Login</b><br>Test class: com.jbk.qa.testcases.LoginPageTest<br>Parameters: TCJBK01, BlankInfo, , , Please enter email.</td>
<td></td>
<td>0</td>
<td>com.jbk.qa.testcases.LoginPageTest@5e5792a0</td></tr>
<tr>
<td title='com.jbk.qa.testcases.LoginPageTest.Login()'><b>Login</b><br>Test class: com.jbk.qa.testcases.LoginPageTest<br>Parameters: TCJBK02, InvalidInfo, abc, 345, Please enter email as kiran@gmail.com</td>
<td></td>
<td>0</td>
<td>com.jbk.qa.testcases.LoginPageTest@5e5792a0</td></tr>
<tr>
<td title='com.jbk.qa.testcases.LoginPageTest.Login()'><b>Login</b><br>Test class: com.jbk.qa.testcases.LoginPageTest<br>Parameters: TCJBK03, ValidInfo, kiran@gmail.com, 123456, Dashboard Courses Offered</td>
<td></td>
<td>0</td>
<td>com.jbk.qa.testcases.LoginPageTest@5e5792a0</td></tr>
<tr>
<td title='com.jbk.qa.testcases.LoginPageTest.verifyButtoncolor()'><b>verifyButtoncolor</b><br>Test class: com.jbk.qa.testcases.LoginPageTest</td>
<td></td>
<td>0</td>
<td>com.jbk.qa.testcases.LoginPageTest@5e5792a0</td></tr>
<tr>
<td title='com.jbk.qa.testcases.RegisterMemberPageTest.verifyErrorMessageRegistermember()'><b>verifyErrorMessageRegistermember</b><br>Test class: com.jbk.qa.testcases.RegisterMemberPageTest</td>
<td></td>
<td>0</td>
<td>com.jbk.qa.testcases.RegisterMemberPageTest@3ffc5af1</td></tr>
<tr>
<td title='com.jbk.qa.testcases.RegisterMemberPageTest.verifyHeading()'><b>verifyHeading</b><br>Test class: com.jbk.qa.testcases.RegisterMemberPageTest</td>
<td></td>
<td>0</td>
<td>com.jbk.qa.testcases.RegisterMemberPageTest@3ffc5af1</td></tr>
<tr>
<td title='com.jbk.qa.testcases.LoginPageTest.verifyLinks()'><b>verifyLinks</b><br>Test class: com.jbk.qa.testcases.LoginPageTest</td>
<td></td>
<td>0</td>
<td>com.jbk.qa.testcases.LoginPageTest@5e5792a0</td></tr>
<tr>
<td title='com.jbk.qa.testcases.LoginPageTest.verifyPlaceHolderPassword()'><b>verifyPlaceHolderPassword</b><br>Test class: com.jbk.qa.testcases.LoginPageTest</td>
<td></td>
<td>0</td>
<td>com.jbk.qa.testcases.LoginPageTest@5e5792a0</td></tr>
<tr>
<td title='com.jbk.qa.testcases.LoginPageTest.verifyPlaceHolderUsername()'><b>verifyPlaceHolderUsername</b><br>Test class: com.jbk.qa.testcases.LoginPageTest</td>
<td></td>
<td>0</td>
<td>com.jbk.qa.testcases.LoginPageTest@5e5792a0</td></tr>
<tr>
<td title='com.jbk.qa.testcases.RegisterMemberPageTest.verifyPlaceholderEmail()'><b>verifyPlaceholderEmail</b><br>Test class: com.jbk.qa.testcases.RegisterMemberPageTest</td>
<td></td>
<td>0</td>
<td>com.jbk.qa.testcases.RegisterMemberPageTest@3ffc5af1</td></tr>
<tr>
<td title='com.jbk.qa.testcases.RegisterMemberPageTest.verifyPlaceholderMobile()'><b>verifyPlaceholderMobile</b><br>Test class: com.jbk.qa.testcases.RegisterMemberPageTest</td>
<td></td>
<td>0</td>
<td>com.jbk.qa.testcases.RegisterMemberPageTest@3ffc5af1</td></tr>
<tr>
<td title='com.jbk.qa.testcases.RegisterMemberPageTest.verifyPlaceholderName()'><b>verifyPlaceholderName</b><br>Test class: com.jbk.qa.testcases.RegisterMemberPageTest</td>
<td></td>
<td>0</td>
<td>com.jbk.qa.testcases.RegisterMemberPageTest@3ffc5af1</td></tr>
<tr>
<td title='com.jbk.qa.testcases.RegisterMemberPageTest.verifyPlaceholderPassword()'><b>verifyPlaceholderPassword</b><br>Test class: com.jbk.qa.testcases.RegisterMemberPageTest</td>
<td></td>
<td>0</td>
<td>com.jbk.qa.testcases.RegisterMemberPageTest@3ffc5af1</td></tr>
<tr>
<td title='com.jbk.qa.testcases.RegisterMemberPageTest.verifyRegisterMemberValidinfo()'><b>verifyRegisterMemberValidinfo</b><br>Test class: com.jbk.qa.testcases.RegisterMemberPageTest</td>
<td></td>
<td>0</td>
<td>com.jbk.qa.testcases.RegisterMemberPageTest@3ffc5af1</td></tr>
<tr>
<td title='com.jbk.qa.testcases.RegisterMemberPageTest.verifyRegisterMemberlink()'><b>verifyRegisterMemberlink</b><br>Test class: com.jbk.qa.testcases.RegisterMemberPageTest</td>
<td></td>
<td>1</td>
<td>com.jbk.qa.testcases.RegisterMemberPageTest@3ffc5af1</td></tr>
<tr>
<td title='com.jbk.qa.testcases.RegisterMemberPageTest.verifyRegistermemberBlankinfo()'><b>verifyRegistermemberBlankinfo</b><br>Test class: com.jbk.qa.testcases.RegisterMemberPageTest</td>
<td></td>
<td>0</td>
<td>com.jbk.qa.testcases.RegisterMemberPageTest@3ffc5af1</td></tr>
<tr>
<td title='com.jbk.qa.testcases.LoginPageTest.verifyTitle()'><b>verifyTitle</b><br>Test class: com.jbk.qa.testcases.LoginPageTest</td>
<td></td>
<td>0</td>
<td>com.jbk.qa.testcases.LoginPageTest@5e5792a0</td></tr>
</table><p>
</body>
</html>