<!DOCTYPE html PUBLIC "-//W3C//DTD XHTML 1.1//EN" "http://www.w3.org/TR/xhtml11/DTD/xhtml11.dtd">
<html xmlns="http://www.w3.org/1999/xhtml"><head><title>TestNG Report</title><style type="text/css">table {margin-bottom:10px;border-collapse:collapse;empty-cells:show}th,td {border:1px solid #009;padding:.25em .5em}th {vertical-align:bottom}td {vertical-align:top}table a {font-weight:bold}.stripe td {background-color: #E6EBF9}.num {text-align:right}.passedodd td {background-color: #3F3}.passedeven td {background-color: #0A0}.skippedodd td {background-color: #DDD}.skippedeven td {background-color: #CCC}.failedodd td,.attn {background-color: #F33}.failedeven td,.stripe .attn {background-color: #D00}.stacktrace {white-space:pre;font-family:monospace}.totop {font-size:85%;text-align:center;border-bottom:2px solid #000}</style></head><body><table><tr><th>Test</th><th># Passed</th><th># Skipped</th><th># Failed</th><th>Time (ms)</th><th>Included Groups</th><th>Excluded Groups</th></tr><tr><th colspan="7">Suite</th></tr><tr><td><a href="#t0">Test</a></td><td class="num">12</td><td class="num">0</td><td class="num attn">3</td><td class="num">51,832</td><td></td><td></td></tr></table><table><thead><tr><th>Class</th><th>Method</th><th>Start</th><th>Time (ms)</th></tr></thead><tbody><tr><th colspan="4">Suite</th></tr></tbody><tbody id="t0"><tr><th colspan="4">Test &#8212; failed</th></tr><tr class="failedeven"><td rowspan="3">com.jbk.qa.testcases.DashboardLinksPageTest</td><td><a href="#m0">verifyDownloadLink</a></td><td rowspan="1">1577653137611</td><td rowspan="1">10014</td></tr><tr class="failedeven"><td><a href="#m1">verifyUsefulLink</a></td><td rowspan="1">1577653127540</td><td rowspan="1">10030</td></tr><tr class="failedeven"><td><a href="#m2">verifyUserLink</a></td><td rowspan="1">1577653107168</td><td rowspan="1">10210</td></tr><tr><th colspan="4">Test &#8212; passed</th></tr><tr class="passedeven"><td rowspan="1">com.jbk.qa.testcases.DashboardLinksPageTest</td><td><a href="#m3">verifyOperatorslink</a></td><td rowspan="1">1577653117456</td><td rowspan="1">10019</td></tr><tr class="passedodd"><td rowspan="11">com.jbk.qa.testcases.LoginPageTest</td><td><a href="#m4">Login</a></td><td rowspan="3">1577653149144</td><td rowspan="3">4687</td></tr><tr class="passedodd"><td><a href="#m5">Login</a></td></tr><tr class="passedodd"><td><a href="#m6">Login</a></td></tr><tr class="passedodd"><td><a href="#m7">verifyApplicationTitle</a></td><td rowspan="1">1577653117441</td><td rowspan="1">15</td></tr><tr class="passedodd"><td><a href="#m8">verifyButtoncolor</a></td><td rowspan="1">1577653148401</td><td rowspan="1">680</td></tr><tr class="passedodd"><td><a href="#m9">verifyLinks</a></td><td rowspan="1">1577653149081</td><td rowspan="1">47</td></tr><tr class="passedodd"><td><a href="#m10">verifyPlaceHolderPassword</a></td><td rowspan="1">1577653148322</td><td rowspan="1">64</td></tr><tr class="passedodd"><td><a href="#m11">verifyPlaceHolderUsername</a></td><td rowspan="1">1577653147637</td><td rowspan="1">682</td></tr><tr class="passedodd"><td><a href="#m12">verifyTitle</a></td><td rowspan="1">1577653127485</td><td rowspan="1">51</td></tr><tr class="passedodd"><td><a href="#m13">verifyUrl</a></td><td rowspan="1">1577653106918</td><td rowspan="1">110</td></tr><tr class="passedodd"><td><a href="#m14">verifyloginsesion</a></td><td rowspan="1">1577653137585</td><td rowspan="1">24</td></tr></tbody></table><h2>Test</h2><h3 id="m0">com.jbk.qa.testcases.DashboardLinksPageTest#verifyDownloadLink</h3><table class="result"><tr><th>Exception</th></tr><tr><td><div class="stacktrace">org.openqa.selenium.NoSuchElementException: Unable to locate element: //ul[@class=&apos;sidebar-menu&apos;]//*[.=&apos;Downloads&apos;]
For documentation on this error, please visit: http://seleniumhq.org/exceptions/no_such_element.html
Build info: version: &apos;3.9.1&apos;, revision: &apos;63f7b50&apos;, time: &apos;2018-02-07T22:25:02.294Z&apos;
System info: host: &apos;SUBHASHA-PC&apos;, ip: &apos;192.168.1.203&apos;, os.name: &apos;Windows 10&apos;, os.arch: &apos;amd64&apos;, os.version: &apos;10.0&apos;, java.version: &apos;1.8.0_212&apos;
Driver info: org.openqa.selenium.firefox.FirefoxDriver
Capabilities {acceptInsecureCerts: true, browserName: firefox, browserVersion: 71.0, javascriptEnabled: true, moz:accessibilityChecks: false, moz:buildID: 20191202093317, moz:geckodriverVersion: 0.26.0, moz:headless: false, moz:processID: 1776, moz:profile: C:\Users\Subhash\AppData\Lo..., moz:shutdownTimeout: 60000, moz:useNonSpecCompliantPointerOrigin: false, moz:webdriverClick: true, pageLoadStrategy: normal, platform: WINDOWS, platformName: WINDOWS, platformVersion: 10.0, rotatable: false, setWindowRect: true, strictFileInteractability: false, timeouts: {implicit: 0, pageLoad: 300000, script: 30000}, unhandledPromptBehavior: dismiss and notify}
Session ID: 432a13bd-b0a7-481b-b64e-634bf7982b68
*** Element info: {Using=xpath, value=//ul[@class=&apos;sidebar-menu&apos;]//*[.=&apos;Downloads&apos;]}
	at org.openqa.selenium.remote.http.W3CHttpResponseCodec.createException(W3CHttpResponseCodec.java:187)
	at org.openqa.selenium.remote.http.W3CHttpResponseCodec.decode(W3CHttpResponseCodec.java:122)
	at org.openqa.selenium.remote.http.W3CHttpResponseCodec.decode(W3CHttpResponseCodec.java:49)
	at org.openqa.selenium.remote.HttpCommandExecutor.execute(HttpCommandExecutor.java:160)
	at org.openqa.selenium.remote.service.DriverCommandExecutor.execute(DriverCommandExecutor.java:83)
	at org.openqa.selenium.remote.RemoteWebDriver.execute(RemoteWebDriver.java:601)
	at org.openqa.selenium.remote.RemoteWebDriver.findElement(RemoteWebDriver.java:371)
	at org.openqa.selenium.remote.RemoteWebDriver.findElementByXPath(RemoteWebDriver.java:473)
	at org.openqa.selenium.By$ByXPath.findElement(By.java:361)
	at org.openqa.selenium.remote.RemoteWebDriver.findElement(RemoteWebDriver.java:363)
	at com.jbk.qa.testcases.DashboardLinksPageTest.verifyDownloadLink(DashboardLinksPageTest.java:52)
... Removed 29 stack frames</div></td></tr></table><p class="totop"><a href="#summary">back to summary</a></p><h3 id="m1">com.jbk.qa.testcases.DashboardLinksPageTest#verifyUsefulLink</h3><table class="result"><tr><th>Exception</th></tr><tr><td><div class="stacktrace">org.openqa.selenium.NoSuchElementException: Unable to locate element: //ul[@class=&apos;sidebar-menu&apos;]//*[.=&apos;     Useful Links&apos;]
For documentation on this error, please visit: http://seleniumhq.org/exceptions/no_such_element.html
Build info: version: &apos;3.9.1&apos;, revision: &apos;63f7b50&apos;, time: &apos;2018-02-07T22:25:02.294Z&apos;
System info: host: &apos;SUBHASHA-PC&apos;, ip: &apos;192.168.1.203&apos;, os.name: &apos;Windows 10&apos;, os.arch: &apos;amd64&apos;, os.version: &apos;10.0&apos;, java.version: &apos;1.8.0_212&apos;
Driver info: org.openqa.selenium.firefox.FirefoxDriver
Capabilities {acceptInsecureCerts: true, browserName: firefox, browserVersion: 71.0, javascriptEnabled: true, moz:accessibilityChecks: false, moz:buildID: 20191202093317, moz:geckodriverVersion: 0.26.0, moz:headless: false, moz:processID: 1776, moz:profile: C:\Users\Subhash\AppData\Lo..., moz:shutdownTimeout: 60000, moz:useNonSpecCompliantPointerOrigin: false, moz:webdriverClick: true, pageLoadStrategy: normal, platform: WINDOWS, platformName: WINDOWS, platformVersion: 10.0, rotatable: false, setWindowRect: true, strictFileInteractability: false, timeouts: {implicit: 0, pageLoad: 300000, script: 30000}, unhandledPromptBehavior: dismiss and notify}
Session ID: 432a13bd-b0a7-481b-b64e-634bf7982b68
*** Element info: {Using=xpath, value=//ul[@class=&apos;sidebar-menu&apos;]//*[.=&apos;     Useful Links&apos;]}
	at org.openqa.selenium.remote.http.W3CHttpResponseCodec.createException(W3CHttpResponseCodec.java:187)
	at org.openqa.selenium.remote.http.W3CHttpResponseCodec.decode(W3CHttpResponseCodec.java:122)
	at org.openqa.selenium.remote.http.W3CHttpResponseCodec.decode(W3CHttpResponseCodec.java:49)
	at org.openqa.selenium.remote.HttpCommandExecutor.execute(HttpCommandExecutor.java:160)
	at org.openqa.selenium.remote.service.DriverCommandExecutor.execute(DriverCommandExecutor.java:83)
	at org.openqa.selenium.remote.RemoteWebDriver.execute(RemoteWebDriver.java:601)
	at org.openqa.selenium.remote.RemoteWebDriver.findElement(RemoteWebDriver.java:371)
	at org.openqa.selenium.remote.RemoteWebDriver.findElementByXPath(RemoteWebDriver.java:473)
	at org.openqa.selenium.By$ByXPath.findElement(By.java:361)
	at org.openqa.selenium.remote.RemoteWebDriver.findElement(RemoteWebDriver.java:363)
	at com.jbk.qa.testcases.DashboardLinksPageTest.verifyUsefulLink(DashboardLinksPageTest.java:42)
... Removed 29 stack frames</div></td></tr></table><p class="totop"><a href="#summary">back to summary</a></p><h3 id="m2">com.jbk.qa.testcases.DashboardLinksPageTest#verifyUserLink</h3><table class="result"><tr><th>Exception</th></tr><tr><td><div class="stacktrace">java.lang.AssertionError: expected [9] but found [5]
	at com.jbk.qa.testcases.DashboardLinksPageTest.verifyUserLink(DashboardLinksPageTest.java:22)
... Removed 31 stack frames</div></td></tr></table><p class="totop"><a href="#summary">back to summary</a></p><h3 id="m3">com.jbk.qa.testcases.DashboardLinksPageTest#verifyOperatorslink</h3><table class="result"></table><p class="totop"><a href="#summary">back to summary</a></p><h3 id="m4">com.jbk.qa.testcases.LoginPageTest#Login</h3><table class="result"><tr class="param"><th>Parameter #1</th><th>Parameter #2</th><th>Parameter #3</th><th>Parameter #4</th><th>Parameter #5</th></tr><tr class="param stripe"><td>TCJBK01</td><td>BlankInfo</td><td></td><td></td><td>Please enter email.</td></tr></table><p class="totop"><a href="#summary">back to summary</a></p><h3 id="m5">com.jbk.qa.testcases.LoginPageTest#Login</h3><table class="result"><tr class="param"><th>Parameter #1</th><th>Parameter #2</th><th>Parameter #3</th><th>Parameter #4</th><th>Parameter #5</th></tr><tr class="param stripe"><td>TCJBK02</td><td>InvalidInfo</td><td>abc</td><td>345</td><td>Please enter email as kiran@gmail.com</td></tr></table><p class="totop"><a href="#summary">back to summary</a></p><h3 id="m6">com.jbk.qa.testcases.LoginPageTest#Login</h3><table class="result"><tr class="param"><th>Parameter #1</th><th>Parameter #2</th><th>Parameter #3</th><th>Parameter #4</th><th>Parameter #5</th></tr><tr class="param stripe"><td>TCJBK03</td><td>ValidInfo</td><td>kiran@gmail.com</td><td>123456</td><td>Dashboard Courses Offered</td></tr></table><p class="totop"><a href="#summary">back to summary</a></p><h3 id="m7">com.jbk.qa.testcases.LoginPageTest#verifyApplicationTitle</h3><table class="result"></table><p class="totop"><a href="#summary">back to summary</a></p><h3 id="m8">com.jbk.qa.testcases.LoginPageTest#verifyButtoncolor</h3><table class="result"></table><p class="totop"><a href="#summary">back to summary</a></p><h3 id="m9">com.jbk.qa.testcases.LoginPageTest#verifyLinks</h3><table class="result"></table><p class="totop"><a href="#summary">back to summary</a></p><h3 id="m10">com.jbk.qa.testcases.LoginPageTest#verifyPlaceHolderPassword</h3><table class="result"></table><p class="totop"><a href="#summary">back to summary</a></p><h3 id="m11">com.jbk.qa.testcases.LoginPageTest#verifyPlaceHolderUsername</h3><table class="result"></table><p class="totop"><a href="#summary">back to summary</a></p><h3 id="m12">com.jbk.qa.testcases.LoginPageTest#verifyTitle</h3><table class="result"></table><p class="totop"><a href="#summary">back to summary</a></p><h3 id="m13">com.jbk.qa.testcases.LoginPageTest#verifyUrl</h3><table class="result"></table><p class="totop"><a href="#summary">back to summary</a></p><h3 id="m14">com.jbk.qa.testcases.LoginPageTest#verifyloginsesion</h3><table class="result"></table><p class="totop"><a href="#summary">back to summary</a></p></body></html>