<?xml version="1.0" encoding="UTF-8"?>
<!-- Generated by org.testng.reporters.JUnitReportReporter -->
<testsuite name="com.jbk.qa.testcases.RegisterMemberPageTest" tests="10" time="12.690" ignored="8" failures="0" timestamp="31 Dec 2019 08:05:36 GMT" skipped="0" hostname="SUBHASHA-PC" errors="1">
  <testcase name="verifyPlaceholderPassword" time="0.022" classname="com.jbk.qa.testcases.RegisterMemberPageTest"/>
  <testcase name="verifyErrorMessageRegistermember" time="0.332" classname="com.jbk.qa.testcases.RegisterMemberPageTest"/>
  <testcase name="verifyHeading" time="0.014" classname="com.jbk.qa.testcases.RegisterMemberPageTest"/>
  <testcase name="verifyRegisterMemberValidinfo" time="0.384" classname="com.jbk.qa.testcases.RegisterMemberPageTest"/>
  <testcase name="verifyPlaceholderMobile" time="0.054" classname="com.jbk.qa.testcases.RegisterMemberPageTest"/>
  <testcase name="verifyRegistermemberBlankinfo" time="0.483" classname="com.jbk.qa.testcases.RegisterMemberPageTest"/>
  <testcase name="verifyAlreadyMembershipLink" time="10.075" classname="com.jbk.qa.testcases.RegisterMemberPageTest">
    <error type="org.openqa.selenium.NoSuchElementException" message="Unable to locate element: /html/body/div/div[1]/a/h4
For documentation on this error, please visit: http://seleniumhq.org/exceptions/no_such_element.html
Build info: version: &#039;3.9.1&#039;, revision: &#039;63f7b50&#039;, time: &#039;2018-02-07T22:25:02.294Z&#039;
System info: host: &#039;SUBHASHA-PC&#039;, ip: &#039;127.0.0.1&#039;, os.name: &#039;Windows 10&#039;, os.arch: &#039;amd64&#039;, os.version: &#039;10.0&#039;, java.version: &#039;1.8.0_212&#039;
Driver info: org.openqa.selenium.firefox.FirefoxDriver
Capabilities {acceptInsecureCerts: true, browserName: firefox, browserVersion: 71.0, javascriptEnabled: true, moz:accessibilityChecks: false, moz:buildID: 20191202093317, moz:geckodriverVersion: 0.26.0, moz:headless: false, moz:processID: 10736, moz:profile: C:\Users\Subhash\AppData\Lo..., moz:shutdownTimeout: 60000, moz:useNonSpecCompliantPointerOrigin: false, moz:webdriverClick: true, pageLoadStrategy: normal, platform: WINDOWS, platformName: WINDOWS, platformVersion: 10.0, rotatable: false, setWindowRect: true, strictFileInteractability: false, timeouts: {implicit: 0, pageLoad: 300000, script: 30000}, unhandledPromptBehavior: dismiss and notify}
Session ID: 21a06dc7-a256-4759-b807-f0d2b21654a0
*** Element info: {Using=xpath, value=/html/body/div/div[1]/a/h4}">
      <![CDATA[org.openqa.selenium.NoSuchElementException: Unable to locate element: /html/body/div/div[1]/a/h4
For documentation on this error, please visit: http://seleniumhq.org/exceptions/no_such_element.html
Build info: version: '3.9.1', revision: '63f7b50', time: '2018-02-07T22:25:02.294Z'
System info: host: 'SUBHASHA-PC', ip: '127.0.0.1', os.name: 'Windows 10', os.arch: 'amd64', os.version: '10.0', java.version: '1.8.0_212'
Driver info: org.openqa.selenium.firefox.FirefoxDriver
Capabilities {acceptInsecureCerts: true, browserName: firefox, browserVersion: 71.0, javascriptEnabled: true, moz:accessibilityChecks: false, moz:buildID: 20191202093317, moz:geckodriverVersion: 0.26.0, moz:headless: false, moz:processID: 10736, moz:profile: C:\Users\Subhash\AppData\Lo..., moz:shutdownTimeout: 60000, moz:useNonSpecCompliantPointerOrigin: false, moz:webdriverClick: true, pageLoadStrategy: normal, platform: WINDOWS, platformName: WINDOWS, platformVersion: 10.0, rotatable: false, setWindowRect: true, strictFileInteractability: false, timeouts: {implicit: 0, pageLoad: 300000, script: 30000}, unhandledPromptBehavior: dismiss and notify}
Session ID: 21a06dc7-a256-4759-b807-f0d2b21654a0
*** Element info: {Using=xpath, value=/html/body/div/div[1]/a/h4}
	at sun.reflect.NativeConstructorAccessorImpl.newInstance0(Native Method)
	at sun.reflect.NativeConstructorAccessorImpl.newInstance(Unknown Source)
	at sun.reflect.DelegatingConstructorAccessorImpl.newInstance(Unknown Source)
	at java.lang.reflect.Constructor.newInstance(Unknown Source)
	at org.openqa.selenium.remote.http.W3CHttpResponseCodec.createException(W3CHttpResponseCodec.java:187)
	at org.openqa.selenium.remote.http.W3CHttpResponseCodec.decode(W3CHttpResponseCodec.java:122)
	at org.openqa.selenium.remote.http.W3CHttpResponseCodec.decode(W3CHttpResponseCodec.java:49)
	at org.openqa.selenium.remote.HttpCommandExecutor.execute(HttpCommandExecutor.java:160)
	at org.openqa.selenium.remote.service.DriverCommandExecutor.execute(DriverCommandExecutor.java:83)
	at org.openqa.selenium.remote.RemoteWebDriver.execute(RemoteWebDriver.java:601)
	at org.openqa.selenium.remote.RemoteWebDriver.findElement(RemoteWebDriver.java:371)
	at org.openqa.selenium.remote.RemoteWebDriver.findElementByXPath(RemoteWebDriver.java:473)
	at org.openqa.selenium.By$ByXPath.findElement(By.java:361)
	at org.openqa.selenium.remote.RemoteWebDriver.findElement(RemoteWebDriver.java:363)
	at com.jbk.qa.testcases.RegisterMemberPageTest.verifyAlreadyMembershipLink(RegisterMemberPageTest.java:138)
	at sun.reflect.NativeMethodAccessorImpl.invoke0(Native Method)
	at sun.reflect.NativeMethodAccessorImpl.invoke(Unknown Source)
	at sun.reflect.DelegatingMethodAccessorImpl.invoke(Unknown Source)
	at java.lang.reflect.Method.invoke(Unknown Source)
	at org.testng.internal.MethodInvocationHelper.invokeMethod(MethodInvocationHelper.java:104)
	at org.testng.internal.Invoker.invokeMethod(Invoker.java:645)
	at org.testng.internal.Invoker.invokeTestMethod(Invoker.java:851)
	at org.testng.internal.Invoker.invokeTestMethods(Invoker.java:1177)
	at org.testng.internal.TestMethodWorker.invokeTestMethods(TestMethodWorker.java:129)
	at org.testng.internal.TestMethodWorker.run(TestMethodWorker.java:112)
	at org.testng.TestRunner.privateRun(TestRunner.java:756)
	at org.testng.TestRunner.run(TestRunner.java:610)
	at org.testng.SuiteRunner.runTest(SuiteRunner.java:387)
	at org.testng.SuiteRunner.runSequentially(SuiteRunner.java:382)
	at org.testng.SuiteRunner.privateRun(SuiteRunner.java:340)
	at org.testng.SuiteRunner.run(SuiteRunner.java:289)
	at org.testng.SuiteRunnerWorker.runSuite(SuiteRunnerWorker.java:52)
	at org.testng.SuiteRunnerWorker.run(SuiteRunnerWorker.java:86)
	at org.testng.TestNG.runSuitesSequentially(TestNG.java:1293)
	at org.testng.TestNG.runSuitesLocally(TestNG.java:1218)
	at org.testng.TestNG.runSuites(TestNG.java:1133)
	at org.testng.TestNG.run(TestNG.java:1104)
	at org.testng.remote.AbstractRemoteTestNG.run(AbstractRemoteTestNG.java:132)
	at org.testng.remote.RemoteTestNG.initAndRun(RemoteTestNG.java:236)
	at org.testng.remote.RemoteTestNG.main(RemoteTestNG.java:81)
]]>
    </error>
  </testcase> <!-- verifyAlreadyMembershipLink -->
  <testcase name="verifyRegisterMemberlink" time="1.257" classname="com.jbk.qa.testcases.RegisterMemberPageTest"/>
  <testcase name="verifyPlaceholderEmail" time="0.028" classname="com.jbk.qa.testcases.RegisterMemberPageTest"/>
  <testcase name="verifyPlaceholderName" time="0.041" classname="com.jbk.qa.testcases.RegisterMemberPageTest"/>
  <testcase name="tearDown" classname="com.jbk.qa.base.TestBase">
    <skipped/>
  </testcase> <!-- tearDown -->
  <testcase name="tearDown" classname="com.jbk.qa.base.TestBase">
    <skipped/>
  </testcase> <!-- tearDown -->
  <testcase name="setup_Browser" classname="com.jbk.qa.base.TestBase">
    <skipped/>
  </testcase> <!-- setup_Browser -->
  <testcase name="setup_Browser" classname="com.jbk.qa.base.TestBase">
    <skipped/>
  </testcase> <!-- setup_Browser -->
  <testcase name="setUp" classname="com.jbk.qa.base.TestBase">
    <skipped/>
  </testcase> <!-- setUp -->
  <testcase name="setUp" classname="com.jbk.qa.base.TestBase">
    <skipped/>
  </testcase> <!-- setUp -->
  <testcase name="CloseApplication" classname="com.jbk.qa.base.TestBase">
    <skipped/>
  </testcase> <!-- CloseApplication -->
  <testcase name="CloseApplication" classname="com.jbk.qa.base.TestBase">
    <skipped/>
  </testcase> <!-- CloseApplication -->
</testsuite> <!-- com.jbk.qa.testcases.RegisterMemberPageTest -->
