<?xml version="1.0" encoding="UTF-8"?>
<!-- Generated by org.testng.reporters.JUnitReportReporter -->
<testsuite name="Base.TestBase" tests="1" time="0.000"
	ignored="16" failures="0" timestamp="27 Dec 2019 11:53:20 GMT" skipped="0"
	hostname="SUBHASHA-PC" errors="1">
	<testcase name="CloseApplication" time="0.000" classname="Base.TestBase">
		<error type="org.openqa.selenium.NoSuchSessionException"
			message="Tried to run command without establishing a connection
Build info: version: &#039;3.9.1&#039;, revision: &#039;63f7b50&#039;, time: &#039;2018-02-07T22:25:02.294Z&#039;
System info: host: &#039;SUBHASHA-PC&#039;, ip: &#039;192.168.1.203&#039;, os.name: &#039;Windows 10&#039;, os.arch: &#039;amd64&#039;, os.version: &#039;10.0&#039;, java.version: &#039;1.8.0_212&#039;
Driver info: org.openqa.selenium.firefox.FirefoxDriver
Capabilities {acceptInsecureCerts: true, browserName: firefox, browserVersion: 71.0, javascriptEnabled: true, moz:accessibilityChecks: false, moz:buildID: 20191202093317, moz:geckodriverVersion: 0.26.0, moz:headless: false, moz:processID: 6732, moz:profile: C:\Users\Subhash\AppData\Lo..., moz:shutdownTimeout: 60000, moz:useNonSpecCompliantPointerOrigin: false, moz:webdriverClick: true, pageLoadStrategy: normal, platform: WINDOWS, platformName: WINDOWS, platformVersion: 10.0, rotatable: false, setWindowRect: true, strictFileInteractability: false, timeouts: {implicit: 0, pageLoad: 300000, script: 30000}, unhandledPromptBehavior: dismiss and notify}
Session ID: 4b9263ce-31f1-403e-8b82-bf7d49e9e5ce">
      <![CDATA[org.openqa.selenium.NoSuchSessionException: Tried to run command without establishing a connection
Build info: version: '3.9.1', revision: '63f7b50', time: '2018-02-07T22:25:02.294Z'
System info: host: 'SUBHASHA-PC', ip: '192.168.1.203', os.name: 'Windows 10', os.arch: 'amd64', os.version: '10.0', java.version: '1.8.0_212'
Driver info: org.openqa.selenium.firefox.FirefoxDriver
Capabilities {acceptInsecureCerts: true, browserName: firefox, browserVersion: 71.0, javascriptEnabled: true, moz:accessibilityChecks: false, moz:buildID: 20191202093317, moz:geckodriverVersion: 0.26.0, moz:headless: false, moz:processID: 6732, moz:profile: C:\Users\Subhash\AppData\Lo..., moz:shutdownTimeout: 60000, moz:useNonSpecCompliantPointerOrigin: false, moz:webdriverClick: true, pageLoadStrategy: normal, platform: WINDOWS, platformName: WINDOWS, platformVersion: 10.0, rotatable: false, setWindowRect: true, strictFileInteractability: false, timeouts: {implicit: 0, pageLoad: 300000, script: 30000}, unhandledPromptBehavior: dismiss and notify}
Session ID: 4b9263ce-31f1-403e-8b82-bf7d49e9e5ce
	at sun.reflect.NativeConstructorAccessorImpl.newInstance0(Native Method)
	at sun.reflect.NativeConstructorAccessorImpl.newInstance(Unknown Source)
	at sun.reflect.DelegatingConstructorAccessorImpl.newInstance(Unknown Source)
	at java.lang.reflect.Constructor.newInstance(Unknown Source)
	at org.openqa.selenium.remote.http.W3CHttpResponseCodec.createException(W3CHttpResponseCodec.java:187)
	at org.openqa.selenium.remote.http.W3CHttpResponseCodec.decode(W3CHttpResponseCodec.java:122)
	at org.openqa.selenium.remote.http.W3CHttpResponseCodec.decode(W3CHttpResponseCodec.java:49)
	at org.openqa.selenium.remote.HttpCommandExecutor.execute(HttpCommandExecutor.java:160)
	at org.openqa.selenium.remote.service.DriverCommandExecutor.execute(DriverCommandExecutor.java:83)
	at org.openqa.selenium.remote.RemoteWebDriver.execute(RemoteWebDriver.java:601)
	at org.openqa.selenium.remote.RemoteWebDriver.execute(RemoteWebDriver.java:658)
	at org.openqa.selenium.remote.RemoteWebDriver.quit(RemoteWebDriver.java:497)
	at Base.TestBase.CloseApplication(TestBase.java:41)
	at sun.reflect.NativeMethodAccessorImpl.invoke0(Native Method)
	at sun.reflect.NativeMethodAccessorImpl.invoke(Unknown Source)
	at sun.reflect.DelegatingMethodAccessorImpl.invoke(Unknown Source)
	at java.lang.reflect.Method.invoke(Unknown Source)
	at org.testng.internal.MethodInvocationHelper.invokeMethod(MethodInvocationHelper.java:104)
	at org.testng.internal.Invoker.invokeConfigurationMethod(Invoker.java:515)
	at org.testng.internal.Invoker.invokeConfigurations(Invoker.java:217)
	at org.testng.internal.Invoker.invokeConfigurations(Invoker.java:144)
	at org.testng.SuiteRunner.privateRun(SuiteRunner.java:357)
	at org.testng.SuiteRunner.run(SuiteRunner.java:289)
	at org.testng.SuiteRunnerWorker.runSuite(SuiteRunnerWorker.java:52)
	at org.testng.SuiteRunnerWorker.run(SuiteRunnerWorker.java:86)
	at org.testng.TestNG.runSuitesSequentially(TestNG.java:1293)
	at org.testng.TestNG.runSuitesLocally(TestNG.java:1218)
	at org.testng.TestNG.runSuites(TestNG.java:1133)
	at org.testng.TestNG.run(TestNG.java:1104)
	at org.testng.remote.AbstractRemoteTestNG.run(AbstractRemoteTestNG.java:132)
	at org.testng.remote.RemoteTestNG.initAndRun(RemoteTestNG.java:236)
	at org.testng.remote.RemoteTestNG.main(RemoteTestNG.java:81)
]]>
		</error>
	</testcase> <!-- CloseApplication -->
	<testcase name="CloseApplication" classname="Base.TestBase">
		<skipped />
	</testcase> <!-- CloseApplication -->
	<testcase name="CloseApplication" classname="Base.TestBase">
		<skipped />
	</testcase> <!-- CloseApplication -->
	<testcase name="CloseApplication" classname="Base.TestBase">
		<skipped />
	</testcase> <!-- CloseApplication -->
	<testcase name="CloseApplication" classname="Base.TestBase">
		<skipped />
	</testcase> <!-- CloseApplication -->
	<testcase name="setUp" classname="Base.TestBase">
		<skipped />
	</testcase> <!-- setUp -->
	<testcase name="setUp" classname="Base.TestBase">
		<skipped />
	</testcase> <!-- setUp -->
	<testcase name="setUp" classname="Base.TestBase">
		<skipped />
	</testcase> <!-- setUp -->
	<testcase name="setUp" classname="Base.TestBase">
		<skipped />
	</testcase> <!-- setUp -->
	<testcase name="setup_Browser" classname="Base.TestBase">
		<skipped />
	</testcase> <!-- setup_Browser -->
	<testcase name="setup_Browser" classname="Base.TestBase">
		<skipped />
	</testcase> <!-- setup_Browser -->
	<testcase name="setup_Browser" classname="Base.TestBase">
		<skipped />
	</testcase> <!-- setup_Browser -->
	<testcase name="setup_Browser" classname="Base.TestBase">
		<skipped />
	</testcase> <!-- setup_Browser -->
	<testcase name="tearDown" classname="Base.TestBase">
		<skipped />
	</testcase> <!-- tearDown -->
	<testcase name="tearDown" classname="Base.TestBase">
		<skipped />
	</testcase> <!-- tearDown -->
	<testcase name="tearDown" classname="Base.TestBase">
		<skipped />
	</testcase> <!-- tearDown -->
	<testcase name="tearDown" classname="Base.TestBase">
		<skipped />
	</testcase> <!-- tearDown -->
</testsuite> <!-- Base.TestBase -->
